{
  "RSpec": {
    "coverage": {
      "/media/starklord/Projects/shipit-test/backend-rails-api/app/controllers/v1/line_items_controller.rb": {
        "lines": [
          null,
          null,
          1,
          1,
          1,
          1,
          null,
          null,
          1,
          3,
          null,
          3,
          null,
          null,
          null,
          1,
          2,
          null,
          null,
          null,
          1,
          2,
          null,
          2,
          2,
          null,
          0,
          null,
          null,
          null,
          null,
          1,
          2,
          2,
          null,
          0,
          null,
          null,
          null,
          null,
          1,
          2,
          null,
          null,
          1,
          null,
          1,
          11,
          null,
          null,
          null,
          1,
          6,
          null,
          null,
          null,
          1,
          4,
          null,
          null,
          null
        ]
      },
      "/media/starklord/Projects/shipit-test/backend-rails-api/app/controllers/application_controller.rb": {
        "lines": [
          null,
          null,
          1,
          1,
          null
        ]
      },
      "/media/starklord/Projects/shipit-test/backend-rails-api/app/controllers/concerns/api_requestable.rb": {
        "lines": [
          null,
          null,
          null,
          1,
          1,
          null,
          1,
          null,
          1,
          0,
          null,
          null,
          1,
          0,
          null,
          null,
          1,
          0,
          null,
          null,
          1,
          0,
          null,
          null
        ]
      },
      "/media/starklord/Projects/shipit-test/backend-rails-api/app/controllers/v1/orders_controller.rb": {
        "lines": [
          null,
          null,
          1,
          null,
          1,
          1,
          null,
          null,
          1,
          2,
          null,
          2,
          null,
          null,
          null,
          1,
          2,
          null,
          null,
          null,
          1,
          2,
          null,
          2,
          2,
          null,
          0,
          null,
          null,
          null,
          null,
          1,
          2,
          2,
          null,
          0,
          null,
          null,
          null,
          null,
          1,
          2,
          null,
          2,
          null,
          null,
          1,
          null,
          null,
          1,
          6,
          null,
          null,
          null,
          1,
          4,
          null,
          null,
          null
        ]
      },
      "/media/starklord/Projects/shipit-test/backend-rails-api/app/controllers/v1/products_controller.rb": {
        "lines": [
          null,
          null,
          1,
          1,
          1,
          null,
          null,
          1,
          3,
          null,
          3,
          null,
          null,
          null,
          1,
          2,
          null,
          null,
          null,
          1,
          2,
          null,
          2,
          2,
          null,
          0,
          null,
          null,
          null,
          null,
          1,
          2,
          2,
          null,
          0,
          null,
          null,
          null,
          null,
          1,
          2,
          null,
          null,
          1,
          null,
          null,
          1,
          6,
          null,
          null,
          null,
          1,
          4,
          null,
          null,
          null
        ]
      },
      "/media/starklord/Projects/shipit-test/backend-rails-api/app/controllers/v1/shipments_controller.rb": {
        "lines": [
          null,
          null,
          1,
          null,
          1,
          1,
          1,
          null,
          null,
          1,
          2,
          null,
          2,
          null,
          null,
          null,
          1,
          2,
          null,
          null,
          null,
          1,
          2,
          null,
          2,
          2,
          null,
          0,
          null,
          null,
          null,
          null,
          1,
          2,
          2,
          null,
          0,
          null,
          null,
          null,
          null,
          1,
          2,
          null,
          2,
          null,
          null,
          1,
          null,
          1,
          10,
          null,
          null,
          null,
          1,
          6,
          null,
          null,
          null,
          1,
          4,
          null,
          null,
          null
        ]
      },
      "/media/starklord/Projects/shipit-test/backend-rails-api/app/controllers/v1/variants_controller.rb": {
        "lines": [
          null,
          null,
          1,
          1,
          1,
          1,
          null,
          null,
          1,
          3,
          null,
          3,
          null,
          null,
          null,
          1,
          2,
          null,
          null,
          null,
          1,
          2,
          null,
          2,
          2,
          null,
          0,
          null,
          null,
          null,
          null,
          1,
          2,
          2,
          null,
          0,
          null,
          null,
          null,
          null,
          1,
          2,
          null,
          null,
          1,
          null,
          1,
          11,
          null,
          null,
          null,
          1,
          6,
          null,
          null,
          null,
          1,
          4,
          null,
          null,
          null
        ]
      },
      "/media/starklord/Projects/shipit-test/backend-rails-api/app/models/line_item.rb": {
        "lines": [
          1,
          1,
          1,
          null
        ]
      },
      "/media/starklord/Projects/shipit-test/backend-rails-api/app/models/application_record.rb": {
        "lines": [
          1,
          1,
          null,
          1,
          20,
          null,
          null
        ]
      },
      "/media/starklord/Projects/shipit-test/backend-rails-api/app/models/order.rb": {
        "lines": [
          null,
          null,
          null,
          1,
          1,
          1,
          null,
          1,
          null,
          null,
          null,
          null,
          null,
          null
        ]
      },
      "/media/starklord/Projects/shipit-test/backend-rails-api/app/models/product.rb": {
        "lines": [
          null,
          null,
          null,
          1,
          1,
          null,
          1,
          null,
          null,
          null,
          null
        ]
      },
      "/media/starklord/Projects/shipit-test/backend-rails-api/app/models/shipment.rb": {
        "lines": [
          1,
          1,
          null,
          1,
          null,
          null,
          null,
          null,
          null,
          null,
          null,
          1,
          null,
          null
        ]
      },
      "/media/starklord/Projects/shipit-test/backend-rails-api/app/models/variant.rb": {
        "lines": [
          1,
          1,
          1,
          null
        ]
      },
      "/media/starklord/Projects/shipit-test/backend-rails-api/app/serializers/line_item_serializer.rb": {
        "lines": [
          null,
          null,
          null,
          1,
          1,
          null,
          1,
          1,
          null
        ]
      },
      "/media/starklord/Projects/shipit-test/backend-rails-api/app/serializers/order_serializer.rb": {
        "lines": [
          null,
          null,
          null,
          1,
          1,
          null,
          1,
          null
        ]
      },
      "/media/starklord/Projects/shipit-test/backend-rails-api/app/serializers/variant_serializer.rb": {
        "lines": [
          null,
          null,
          null,
          1,
          1,
          null,
          1,
          1,
          null
        ]
      },
      "/media/starklord/Projects/shipit-test/backend-rails-api/app/serializers/product_serializer.rb": {
        "lines": [
          null,
          null,
          null,
          1,
          1,
          null,
          1,
          null
        ]
      },
      "/media/starklord/Projects/shipit-test/backend-rails-api/app/serializers/shipment_serializer.rb": {
        "lines": [
          null,
          null,
          null,
          1,
          1,
          null,
          1,
          null
        ]
      },
      "/media/starklord/Projects/shipit-test/backend-rails-api/app/controllers/shopify_controller.rb": {
        "lines": [
          null,
          null,
          null,
          0,
          null,
          0,
          0,
          0,
          0,
          null,
          0,
          0,
          0
        ],
        "branches": {
        }
      },
      "/media/starklord/Projects/shipit-test/backend-rails-api/app/jobs/application_job.rb": {
        "lines": [
          0,
          null,
          null,
          null,
          null,
          null,
          0
        ],
        "branches": {
        }
      },
      "/media/starklord/Projects/shipit-test/backend-rails-api/app/services/decode.rb": {
        "lines": [
          null,
          null,
          null,
          0,
          0,
          0,
          0,
          0,
          0,
          0
        ],
        "branches": {
        }
      },
      "/media/starklord/Projects/shipit-test/backend-rails-api/app/services/shipit_api.rb": {
        "lines": [
          null,
          null,
          null,
          0,
          0,
          null,
          0,
          0,
          0,
          null,
          0,
          0,
          0,
          null,
          0,
          0,
          0,
          null,
          0,
          0,
          0,
          null,
          0,
          0,
          0,
          0,
          0,
          0,
          0,
          0,
          0,
          0,
          0,
          0,
          0,
          0
        ],
        "branches": {
        }
      }
    },
    "timestamp": 1624899132
  }
}
